生成启动时间为 2014/3/16 星期日 16:20:12。
     1>项目“F:\Users\WZQ\Documents\Visual Studio 2010\Projects\InterviewQuestions\InterviewQuestions\InterviewQuestions.vcxproj”在节点 2 上(build 个目标)。
     1>InitializeBuildStatus:
         正在创建“Debug\InterviewQuestions.unsuccessfulbuild”，因为已指定“AlwaysCreate”。
       ClCompile:
         e:\Microsoft_VS2010\VC\bin\CL.exe /c /ZI /nologo /W3 /WX- /Od /Oy- /D _MBCS /Gm /EHsc /RTC1 /MDd /GS /fp:precise /Zc:wchar_t /Zc:forScope /Fo"Debug\\" /Fd"Debug\vc100.pdb" /Gd /TP /analyze- /errorReport:prompt redwhiteblue.cpp
         redwhiteblue.cpp
       Link:
         e:\Microsoft_VS2010\VC\bin\link.exe /ERRORREPORT:PROMPT /OUT:"F:\Users\WZQ\Documents\Visual Studio 2010\Projects\InterviewQuestions\Debug\InterviewQuestions.exe" /NOLOGO kernel32.lib user32.lib gdi32.lib winspool.lib comdlg32.lib advapi32.lib shell32.lib ole32.lib oleaut32.lib uuid.lib odbc32.lib odbccp32.lib /MANIFEST /ManifestFile:"Debug\InterviewQuestions.exe.intermediate.manifest" /MANIFESTUAC:"level='asInvoker' uiAccess='false'" /DEBUG /PDB:"F:\Users\WZQ\Documents\Visual Studio 2010\Projects\InterviewQuestions\Debug\InterviewQuestions.pdb" /TLBID:1 /DYNAMICBASE /NXCOMPAT /IMPLIB:"F:\Users\WZQ\Documents\Visual Studio 2010\Projects\InterviewQuestions\Debug\InterviewQuestions.lib" /MACHINE:X86 Debug\main.obj
         Debug\redwhiteblue.obj
         Debug\reversalListByK.obj
         Debug\stringzip.obj
         LINK : 没有找到 F:\Users\WZQ\Documents\Visual Studio 2010\Projects\InterviewQuestions\Debug\InterviewQuestions.exe 或上一个增量链接没有生成它；正在执行完全链接
         InterviewQuestions.vcxproj -> F:\Users\WZQ\Documents\Visual Studio 2010\Projects\InterviewQuestions\Debug\InterviewQuestions.exe
       Manifest:
         C:\Program Files (x86)\Microsoft SDKs\Windows\v7.0A\bin\mt.exe /nologo /verbose /outputresource:"F:\Users\WZQ\Documents\Visual Studio 2010\Projects\InterviewQuestions\Debug\InterviewQuestions.exe;#1" /manifest Debug\InterviewQuestions.exe.intermediate.manifest
       FinalizeBuildStatus:
         正在删除文件“Debug\InterviewQuestions.unsuccessfulbuild”。
         正在对“Debug\InterviewQuestions.lastbuildstate”执行 Touch 任务。
     1>已完成生成项目“F:\Users\WZQ\Documents\Visual Studio 2010\Projects\InterviewQuestions\InterviewQuestions\InterviewQuestions.vcxproj”(build 个目标)的操作。

生成成功。

已用时间 00:00:00.82
